<?xml version="1.0" encoding="UTF-8"?>
<!-- Generated by org.testng.reporters.JUnitReportReporter -->
<testsuite hostname="Dasvin" failures="0" tests="1" name="com.projectTask.testCases.SeleniumTestcase" time="2.434" errors="0" timestamp="2024-04-19T00:15:07 IST" skipped="0">
  <testcase classname="com.projectTask.testCases.SeleniumTestcase" name="SeleniumPageTest" time="2.434"/>
  <system-out/>
</testsuite> <!-- com.projectTask.testCases.SeleniumTestcase -->
