<?xml version="1.0" encoding="UTF-8"?>
<!-- Generated by org.testng.reporters.JUnitReportReporter -->
<testsuite hostname="Dasvin" failures="0" tests="1" name="com.projectTask.testCases.AlertTestcase" time="9.518" errors="0" timestamp="2024-04-19T00:15:07 IST" skipped="0">
  <testcase classname="com.projectTask.testCases.AlertTestcase" name="alertCases" time="9.518"/>
  <system-out/>
</testsuite> <!-- com.projectTask.testCases.AlertTestcase -->
