<?xml version="1.0" encoding="UTF-8"?>
<!-- Generated by org.testng.reporters.JUnitReportReporter -->
<testsuite hostname="Dasvin" failures="0" tests="1" name="com.projectTask.testCases.DemoCartLinkTest" time="9.700" errors="0" timestamp="2024-04-24T18:38:49 IST" skipped="0">
  <testcase classname="com.projectTask.testCases.DemoCartLinkTest" name="LinkTest" time="9.700"/>
  <system-out/>
</testsuite> <!-- com.projectTask.testCases.DemoCartLinkTest -->
