<?xml version="1.0" encoding="UTF-8"?>
<!-- Generated by org.testng.reporters.JUnitReportReporter -->
<testsuite hostname="Dasvin" failures="0" tests="1" name="com.projectTask.testCases.CreateAndWriteDataInExcel" time="1.204" errors="0" timestamp="2024-04-19T00:15:07 IST" skipped="0">
  <testcase classname="com.projectTask.testCases.CreateAndWriteDataInExcel" name="writeDataToExcelTest" time="1.204"/>
  <system-out/>
</testsuite> <!-- com.projectTask.testCases.CreateAndWriteDataInExcel -->
