<?xml version="1.0" encoding="UTF-8"?>
<!-- Generated by org.testng.reporters.JUnitReportReporter -->
<testsuite hostname="Dasvin" failures="0" tests="6" name="com.projectTask.testCases.DemoCartRegisteration" time="49.731" errors="0" timestamp="2024-04-25T23:49:59 IST" skipped="0">
  <testcase classname="com.projectTask.testCases.DemoCartRegisteration" name="InvalidTest3" time="6.685"/>
  <system-out/>
  <testcase classname="com.projectTask.testCases.DemoCartRegisteration" name="ValidTest3" time="8.758"/>
  <system-out/>
  <testcase classname="com.projectTask.testCases.DemoCartRegisteration" name="InvalidRTest1" time="9.500"/>
  <system-out/>
  <testcase classname="com.projectTask.testCases.DemoCartRegisteration" name="InvalidTest2" time="6.787"/>
  <system-out/>
  <testcase classname="com.projectTask.testCases.DemoCartRegisteration" name="ValidTest1" time="9.579"/>
  <system-out/>
  <testcase classname="com.projectTask.testCases.DemoCartRegisteration" name="ValidTest2" time="8.422"/>
  <system-out/>
</testsuite> <!-- com.projectTask.testCases.DemoCartRegisteration -->
