<?xml version="1.0" encoding="UTF-8"?>
<!-- Generated by org.testng.reporters.JUnitReportReporter -->
<testsuite hostname="Dasvin" failures="0" tests="1" name="com.projectTask.testCases.practice" time="8.217" errors="0" timestamp="2024-12-08T22:15:56 IST" skipped="0">
  <testcase classname="com.projectTask.testCases.practice" name="openGoogle" time="8.217"/>
  <system-out/>
</testsuite> <!-- com.projectTask.testCases.practice -->
