<?xml version="1.0" encoding="UTF-8"?>
<!-- Generated by org.testng.reporters.JUnitReportReporter -->
<testsuite hostname="Dasvin" failures="0" tests="1" name="com.projectTask.testCases.CaseStudy" time="1.714" errors="0" timestamp="2024-04-19T00:15:07 IST" skipped="0">
  <testcase classname="com.projectTask.testCases.CaseStudy" name="caseStudyTest" time="1.714"/>
  <system-out/>
</testsuite> <!-- com.projectTask.testCases.CaseStudy -->
