<?xml version="1.0" encoding="UTF-8"?>
<!-- Generated by org.testng.reporters.JUnitReportReporter -->
<testsuite hostname="Dasvin" failures="0" tests="2" name="testCases.excelReadData" time="0.006" errors="0" timestamp="2025-01-19T15:01:23 IST" skipped="0">
  <testcase classname="testCases.excelReadData" name="displayData" time="0.005"/>
  <testcase classname="testCases.excelReadData" name="displayData" time="0.001"/>
</testsuite> <!-- testCases.excelReadData -->
