<?xml version="1.0" encoding="UTF-8"?>
<!-- Generated by org.testng.reporters.JUnitReportReporter -->
<testsuite hostname="Dasvin" failures="0" tests="1" name="testCases.PracticeCases" time="3.337" errors="0" timestamp="2025-01-07T19:48:58 IST" skipped="0">
  <testcase classname="testCases.PracticeCases" name="simpleAlert" time="3.337"/>
</testsuite> <!-- testCases.PracticeCases -->
