<?xml version="1.0" encoding="UTF-8"?>
<!-- Generated by org.testng.reporters.JUnitReportReporter -->
<testsuite hostname="Dasvin" failures="0" tests="1" name="testCases.GooglePageOpenTest" time="4.377" errors="0" timestamp="2024-12-19T23:46:07 IST" skipped="0">
  <testcase classname="testCases.GooglePageOpenTest" name="openGoogle" time="4.377"/>
</testsuite> <!-- testCases.GooglePageOpenTest -->
